# # # # # # # # # # # # # # # # # # # # # # # # # # # # # # # # # # # # # # #
# # # # # # # # Starting apt-get-memory_cleaning  # # # # # # # # # # # # # #
Sun  2 Jul 17:15:01 PDT 2017
vm.drop_caches = 3
3

Sun  2 Jul 17:15:04 PDT 2017
# # # # # # # #        memory_cleaning DONE!!       # # # # # # # # # # # # #
# # # # # # # # # # # # # # # # # # # # # # # # # # # # # # # # # # # # # # #






# # # # # # # # # # # # # # # # # # # # # # # # # # # # # # # # # # # # # # #
# # # # # # # # Starting apt-get-memory_cleaning  # # # # # # # # # # # # # #
Sun  2 Jul 18:15:01 PDT 2017
vm.drop_caches = 3
3

Sun  2 Jul 18:15:04 PDT 2017
# # # # # # # #        memory_cleaning DONE!!       # # # # # # # # # # # # #
# # # # # # # # # # # # # # # # # # # # # # # # # # # # # # # # # # # # # # #






# # # # # # # # # # # # # # # # # # # # # # # # # # # # # # # # # # # # # # #
# # # # # # # # Starting apt-get-memory_cleaning  # # # # # # # # # # # # # #
Sun  2 Jul 19:15:01 PDT 2017
vm.drop_caches = 3
3

Sun  2 Jul 19:15:04 PDT 2017
# # # # # # # #        memory_cleaning DONE!!       # # # # # # # # # # # # #
# # # # # # # # # # # # # # # # # # # # # # # # # # # # # # # # # # # # # # #






# # # # # # # # # # # # # # # # # # # # # # # # # # # # # # # # # # # # # # #
# # # # # # # # Starting apt-get-memory_cleaning  # # # # # # # # # # # # # #
Sun  2 Jul 20:15:01 PDT 2017
vm.drop_caches = 3
3

Sun  2 Jul 20:15:04 PDT 2017
# # # # # # # #        memory_cleaning DONE!!       # # # # # # # # # # # # #
# # # # # # # # # # # # # # # # # # # # # # # # # # # # # # # # # # # # # # #






# # # # # # # # # # # # # # # # # # # # # # # # # # # # # # # # # # # # # # #
# # # # # # # # Starting apt-get-memory_cleaning  # # # # # # # # # # # # # #
Sun  2 Jul 21:15:02 PDT 2017
vm.drop_caches = 3
3

Sun  2 Jul 21:15:04 PDT 2017
# # # # # # # #        memory_cleaning DONE!!       # # # # # # # # # # # # #
# # # # # # # # # # # # # # # # # # # # # # # # # # # # # # # # # # # # # # #






# # # # # # # # # # # # # # # # # # # # # # # # # # # # # # # # # # # # # # #
# # # # # # # # Starting apt-get-memory_cleaning  # # # # # # # # # # # # # #
Sun  2 Jul 22:15:01 PDT 2017
vm.drop_caches = 3
3

Sun  2 Jul 22:15:03 PDT 2017
# # # # # # # #        memory_cleaning DONE!!       # # # # # # # # # # # # #
# # # # # # # # # # # # # # # # # # # # # # # # # # # # # # # # # # # # # # #






# # # # # # # # # # # # # # # # # # # # # # # # # # # # # # # # # # # # # # #
# # # # # # # # Starting apt-get-memory_cleaning  # # # # # # # # # # # # # #
Sun  2 Jul 23:15:01 PDT 2017
vm.drop_caches = 3
3

Sun  2 Jul 23:15:04 PDT 2017
# # # # # # # #        memory_cleaning DONE!!       # # # # # # # # # # # # #
# # # # # # # # # # # # # # # # # # # # # # # # # # # # # # # # # # # # # # #






# # # # # # # # # # # # # # # # # # # # # # # # # # # # # # # # # # # # # # #
# # # # # # # # Starting apt-get-memory_cleaning  # # # # # # # # # # # # # #
Mon  3 Jul 00:15:01 PDT 2017
vm.drop_caches = 3
3

Mon  3 Jul 00:15:04 PDT 2017
# # # # # # # #        memory_cleaning DONE!!       # # # # # # # # # # # # #
# # # # # # # # # # # # # # # # # # # # # # # # # # # # # # # # # # # # # # #






# # # # # # # # # # # # # # # # # # # # # # # # # # # # # # # # # # # # # # #
# # # # # # # # Starting apt-get-memory_cleaning  # # # # # # # # # # # # # #
Mon  3 Jul 01:15:01 PDT 2017
vm.drop_caches = 3
3

Mon  3 Jul 01:15:04 PDT 2017
# # # # # # # #        memory_cleaning DONE!!       # # # # # # # # # # # # #
# # # # # # # # # # # # # # # # # # # # # # # # # # # # # # # # # # # # # # #






# # # # # # # # # # # # # # # # # # # # # # # # # # # # # # # # # # # # # # #
# # # # # # # # Starting apt-get-memory_cleaning  # # # # # # # # # # # # # #
Mon  3 Jul 02:15:02 PDT 2017
vm.drop_caches = 3
3

Mon  3 Jul 02:15:04 PDT 2017
# # # # # # # #        memory_cleaning DONE!!       # # # # # # # # # # # # #
# # # # # # # # # # # # # # # # # # # # # # # # # # # # # # # # # # # # # # #






# # # # # # # # # # # # # # # # # # # # # # # # # # # # # # # # # # # # # # #
# # # # # # # # Starting apt-get-memory_cleaning  # # # # # # # # # # # # # #
Mon  3 Jul 03:15:01 PDT 2017
vm.drop_caches = 3
3

Mon  3 Jul 03:15:04 PDT 2017
# # # # # # # #        memory_cleaning DONE!!       # # # # # # # # # # # # #
# # # # # # # # # # # # # # # # # # # # # # # # # # # # # # # # # # # # # # #






# # # # # # # # # # # # # # # # # # # # # # # # # # # # # # # # # # # # # # #
# # # # # # # # Starting apt-get-memory_cleaning  # # # # # # # # # # # # # #
Mon  3 Jul 04:15:01 PDT 2017
vm.drop_caches = 3
3

Mon  3 Jul 04:15:03 PDT 2017
# # # # # # # #        memory_cleaning DONE!!       # # # # # # # # # # # # #
# # # # # # # # # # # # # # # # # # # # # # # # # # # # # # # # # # # # # # #






# # # # # # # # # # # # # # # # # # # # # # # # # # # # # # # # # # # # # # #
# # # # # # # # Starting apt-get-memory_cleaning  # # # # # # # # # # # # # #
Mon  3 Jul 05:15:01 PDT 2017
vm.drop_caches = 3
3

Mon  3 Jul 05:15:04 PDT 2017
# # # # # # # #        memory_cleaning DONE!!       # # # # # # # # # # # # #
# # # # # # # # # # # # # # # # # # # # # # # # # # # # # # # # # # # # # # #






# # # # # # # # # # # # # # # # # # # # # # # # # # # # # # # # # # # # # # #
# # # # # # # # Starting apt-get-memory_cleaning  # # # # # # # # # # # # # #
Mon  3 Jul 06:15:01 PDT 2017
vm.drop_caches = 3
3

Mon  3 Jul 06:15:03 PDT 2017
# # # # # # # #        memory_cleaning DONE!!       # # # # # # # # # # # # #
# # # # # # # # # # # # # # # # # # # # # # # # # # # # # # # # # # # # # # #






# # # # # # # # # # # # # # # # # # # # # # # # # # # # # # # # # # # # # # #
# # # # # # # # Starting apt-get-memory_cleaning  # # # # # # # # # # # # # #
Mon  3 Jul 07:15:01 PDT 2017
vm.drop_caches = 3
3

Mon  3 Jul 07:15:04 PDT 2017
# # # # # # # #        memory_cleaning DONE!!       # # # # # # # # # # # # #
# # # # # # # # # # # # # # # # # # # # # # # # # # # # # # # # # # # # # # #






# # # # # # # # # # # # # # # # # # # # # # # # # # # # # # # # # # # # # # #
# # # # # # # # Starting apt-get-memory_cleaning  # # # # # # # # # # # # # #
Mon  3 Jul 08:15:01 PDT 2017
vm.drop_caches = 3
3

Mon  3 Jul 08:15:03 PDT 2017
# # # # # # # #        memory_cleaning DONE!!       # # # # # # # # # # # # #
# # # # # # # # # # # # # # # # # # # # # # # # # # # # # # # # # # # # # # #






# # # # # # # # # # # # # # # # # # # # # # # # # # # # # # # # # # # # # # #
# # # # # # # # Starting apt-get-memory_cleaning  # # # # # # # # # # # # # #
Mon  3 Jul 09:15:01 PDT 2017
vm.drop_caches = 3
3

Mon  3 Jul 09:15:04 PDT 2017
# # # # # # # #        memory_cleaning DONE!!       # # # # # # # # # # # # #
# # # # # # # # # # # # # # # # # # # # # # # # # # # # # # # # # # # # # # #






# # # # # # # # # # # # # # # # # # # # # # # # # # # # # # # # # # # # # # #
# # # # # # # # Starting apt-get-memory_cleaning  # # # # # # # # # # # # # #
Mon  3 Jul 10:15:01 PDT 2017
vm.drop_caches = 3
3

Mon  3 Jul 10:15:03 PDT 2017
# # # # # # # #        memory_cleaning DONE!!       # # # # # # # # # # # # #
# # # # # # # # # # # # # # # # # # # # # # # # # # # # # # # # # # # # # # #






# # # # # # # # # # # # # # # # # # # # # # # # # # # # # # # # # # # # # # #
# # # # # # # # Starting apt-get-memory_cleaning  # # # # # # # # # # # # # #
Mon  3 Jul 11:15:01 PDT 2017
vm.drop_caches = 3
3

Mon  3 Jul 11:15:05 PDT 2017
# # # # # # # #        memory_cleaning DONE!!       # # # # # # # # # # # # #
# # # # # # # # # # # # # # # # # # # # # # # # # # # # # # # # # # # # # # #






# # # # # # # # # # # # # # # # # # # # # # # # # # # # # # # # # # # # # # #
# # # # # # # # Starting apt-get-memory_cleaning  # # # # # # # # # # # # # #
Mon  3 Jul 12:15:01 PDT 2017
vm.drop_caches = 3
3

Mon  3 Jul 12:15:03 PDT 2017
# # # # # # # #        memory_cleaning DONE!!       # # # # # # # # # # # # #
# # # # # # # # # # # # # # # # # # # # # # # # # # # # # # # # # # # # # # #






# # # # # # # # # # # # # # # # # # # # # # # # # # # # # # # # # # # # # # #
# # # # # # # # Starting apt-get-memory_cleaning  # # # # # # # # # # # # # #
Mon  3 Jul 13:15:01 PDT 2017
vm.drop_caches = 3
3

Mon  3 Jul 13:15:05 PDT 2017
# # # # # # # #        memory_cleaning DONE!!       # # # # # # # # # # # # #
# # # # # # # # # # # # # # # # # # # # # # # # # # # # # # # # # # # # # # #






# # # # # # # # # # # # # # # # # # # # # # # # # # # # # # # # # # # # # # #
# # # # # # # # Starting apt-get-memory_cleaning  # # # # # # # # # # # # # #
Mon  3 Jul 14:15:01 PDT 2017
vm.drop_caches = 3
3

Mon  3 Jul 14:15:05 PDT 2017
# # # # # # # #        memory_cleaning DONE!!       # # # # # # # # # # # # #
# # # # # # # # # # # # # # # # # # # # # # # # # # # # # # # # # # # # # # #






# # # # # # # # # # # # # # # # # # # # # # # # # # # # # # # # # # # # # # #
# # # # # # # # Starting apt-get-memory_cleaning  # # # # # # # # # # # # # #
Mon  3 Jul 15:15:01 PDT 2017
vm.drop_caches = 3
3

Mon  3 Jul 15:15:04 PDT 2017
# # # # # # # #        memory_cleaning DONE!!       # # # # # # # # # # # # #
# # # # # # # # # # # # # # # # # # # # # # # # # # # # # # # # # # # # # # #






# # # # # # # # # # # # # # # # # # # # # # # # # # # # # # # # # # # # # # #
# # # # # # # # Starting apt-get-memory_cleaning  # # # # # # # # # # # # # #
Mon  3 Jul 16:15:01 PDT 2017
vm.drop_caches = 3
3

Mon  3 Jul 16:15:05 PDT 2017
# # # # # # # #        memory_cleaning DONE!!       # # # # # # # # # # # # #
# # # # # # # # # # # # # # # # # # # # # # # # # # # # # # # # # # # # # # #






# # # # # # # # # # # # # # # # # # # # # # # # # # # # # # # # # # # # # # #
# # # # # # # # Starting apt-get-memory_cleaning  # # # # # # # # # # # # # #
Mon  3 Jul 17:15:01 PDT 2017
vm.drop_caches = 3
3

Mon  3 Jul 17:15:04 PDT 2017
# # # # # # # #        memory_cleaning DONE!!       # # # # # # # # # # # # #
# # # # # # # # # # # # # # # # # # # # # # # # # # # # # # # # # # # # # # #






# # # # # # # # # # # # # # # # # # # # # # # # # # # # # # # # # # # # # # #
# # # # # # # # Starting apt-get-memory_cleaning  # # # # # # # # # # # # # #
Mon  3 Jul 18:15:01 PDT 2017
vm.drop_caches = 3
3

Mon  3 Jul 18:15:04 PDT 2017
# # # # # # # #        memory_cleaning DONE!!       # # # # # # # # # # # # #
# # # # # # # # # # # # # # # # # # # # # # # # # # # # # # # # # # # # # # #






# # # # # # # # # # # # # # # # # # # # # # # # # # # # # # # # # # # # # # #
# # # # # # # # Starting apt-get-memory_cleaning  # # # # # # # # # # # # # #
Mon  3 Jul 19:15:01 PDT 2017
vm.drop_caches = 3
3

Mon  3 Jul 19:15:05 PDT 2017
# # # # # # # #        memory_cleaning DONE!!       # # # # # # # # # # # # #
# # # # # # # # # # # # # # # # # # # # # # # # # # # # # # # # # # # # # # #






# # # # # # # # # # # # # # # # # # # # # # # # # # # # # # # # # # # # # # #
# # # # # # # # Starting apt-get-memory_cleaning  # # # # # # # # # # # # # #
Mon  3 Jul 20:15:01 PDT 2017
vm.drop_caches = 3
3

Mon  3 Jul 20:15:06 PDT 2017
# # # # # # # #        memory_cleaning DONE!!       # # # # # # # # # # # # #
# # # # # # # # # # # # # # # # # # # # # # # # # # # # # # # # # # # # # # #






# # # # # # # # # # # # # # # # # # # # # # # # # # # # # # # # # # # # # # #
# # # # # # # # Starting apt-get-memory_cleaning  # # # # # # # # # # # # # #
Mon  3 Jul 21:15:01 PDT 2017
vm.drop_caches = 3
3

Mon  3 Jul 21:15:03 PDT 2017
# # # # # # # #        memory_cleaning DONE!!       # # # # # # # # # # # # #
# # # # # # # # # # # # # # # # # # # # # # # # # # # # # # # # # # # # # # #






# # # # # # # # # # # # # # # # # # # # # # # # # # # # # # # # # # # # # # #
# # # # # # # # Starting apt-get-memory_cleaning  # # # # # # # # # # # # # #
Mon  3 Jul 22:15:01 PDT 2017
vm.drop_caches = 3
3

Mon  3 Jul 22:15:04 PDT 2017
# # # # # # # #        memory_cleaning DONE!!       # # # # # # # # # # # # #
# # # # # # # # # # # # # # # # # # # # # # # # # # # # # # # # # # # # # # #






# # # # # # # # # # # # # # # # # # # # # # # # # # # # # # # # # # # # # # #
# # # # # # # # Starting apt-get-memory_cleaning  # # # # # # # # # # # # # #
Mon  3 Jul 23:15:01 PDT 2017
vm.drop_caches = 3
3

Mon  3 Jul 23:15:03 PDT 2017
# # # # # # # #        memory_cleaning DONE!!       # # # # # # # # # # # # #
# # # # # # # # # # # # # # # # # # # # # # # # # # # # # # # # # # # # # # #






# # # # # # # # # # # # # # # # # # # # # # # # # # # # # # # # # # # # # # #
# # # # # # # # Starting apt-get-memory_cleaning  # # # # # # # # # # # # # #
Tue  4 Jul 00:15:01 PDT 2017
vm.drop_caches = 3
3

Tue  4 Jul 00:15:04 PDT 2017
# # # # # # # #        memory_cleaning DONE!!       # # # # # # # # # # # # #
# # # # # # # # # # # # # # # # # # # # # # # # # # # # # # # # # # # # # # #






# # # # # # # # # # # # # # # # # # # # # # # # # # # # # # # # # # # # # # #
# # # # # # # # Starting apt-get-memory_cleaning  # # # # # # # # # # # # # #
Tue  4 Jul 01:15:02 PDT 2017
vm.drop_caches = 3
3

Tue  4 Jul 01:15:04 PDT 2017
# # # # # # # #        memory_cleaning DONE!!       # # # # # # # # # # # # #
# # # # # # # # # # # # # # # # # # # # # # # # # # # # # # # # # # # # # # #






# # # # # # # # # # # # # # # # # # # # # # # # # # # # # # # # # # # # # # #
# # # # # # # # Starting apt-get-memory_cleaning  # # # # # # # # # # # # # #
Tue  4 Jul 02:15:01 PDT 2017
vm.drop_caches = 3
3

Tue  4 Jul 02:15:04 PDT 2017
# # # # # # # #        memory_cleaning DONE!!       # # # # # # # # # # # # #
# # # # # # # # # # # # # # # # # # # # # # # # # # # # # # # # # # # # # # #






# # # # # # # # # # # # # # # # # # # # # # # # # # # # # # # # # # # # # # #
# # # # # # # # Starting apt-get-memory_cleaning  # # # # # # # # # # # # # #
Tue  4 Jul 03:15:02 PDT 2017
vm.drop_caches = 3
3

Tue  4 Jul 03:15:04 PDT 2017
# # # # # # # #        memory_cleaning DONE!!       # # # # # # # # # # # # #
# # # # # # # # # # # # # # # # # # # # # # # # # # # # # # # # # # # # # # #






# # # # # # # # # # # # # # # # # # # # # # # # # # # # # # # # # # # # # # #
# # # # # # # # Starting apt-get-memory_cleaning  # # # # # # # # # # # # # #
Tue  4 Jul 04:15:01 PDT 2017
vm.drop_caches = 3
3

Tue  4 Jul 04:15:05 PDT 2017
# # # # # # # #        memory_cleaning DONE!!       # # # # # # # # # # # # #
# # # # # # # # # # # # # # # # # # # # # # # # # # # # # # # # # # # # # # #






# # # # # # # # # # # # # # # # # # # # # # # # # # # # # # # # # # # # # # #
# # # # # # # # Starting apt-get-memory_cleaning  # # # # # # # # # # # # # #
Tue  4 Jul 05:15:02 PDT 2017
vm.drop_caches = 3
3

Tue  4 Jul 05:15:04 PDT 2017
# # # # # # # #        memory_cleaning DONE!!       # # # # # # # # # # # # #
# # # # # # # # # # # # # # # # # # # # # # # # # # # # # # # # # # # # # # #






# # # # # # # # # # # # # # # # # # # # # # # # # # # # # # # # # # # # # # #
# # # # # # # # Starting apt-get-memory_cleaning  # # # # # # # # # # # # # #
Tue  4 Jul 06:15:01 PDT 2017
vm.drop_caches = 3
3

Tue  4 Jul 06:15:04 PDT 2017
# # # # # # # #        memory_cleaning DONE!!       # # # # # # # # # # # # #
# # # # # # # # # # # # # # # # # # # # # # # # # # # # # # # # # # # # # # #






# # # # # # # # # # # # # # # # # # # # # # # # # # # # # # # # # # # # # # #
# # # # # # # # Starting apt-get-memory_cleaning  # # # # # # # # # # # # # #
Tue  4 Jul 07:15:01 PDT 2017
vm.drop_caches = 3
3

Tue  4 Jul 07:15:04 PDT 2017
# # # # # # # #        memory_cleaning DONE!!       # # # # # # # # # # # # #
# # # # # # # # # # # # # # # # # # # # # # # # # # # # # # # # # # # # # # #






# # # # # # # # # # # # # # # # # # # # # # # # # # # # # # # # # # # # # # #
# # # # # # # # Starting apt-get-memory_cleaning  # # # # # # # # # # # # # #
Tue  4 Jul 08:15:01 PDT 2017
vm.drop_caches = 3
3

Tue  4 Jul 08:15:04 PDT 2017
# # # # # # # #        memory_cleaning DONE!!       # # # # # # # # # # # # #
# # # # # # # # # # # # # # # # # # # # # # # # # # # # # # # # # # # # # # #






# # # # # # # # # # # # # # # # # # # # # # # # # # # # # # # # # # # # # # #
# # # # # # # # Starting apt-get-memory_cleaning  # # # # # # # # # # # # # #
Tue  4 Jul 09:15:01 PDT 2017
vm.drop_caches = 3
3

Tue  4 Jul 09:15:04 PDT 2017
# # # # # # # #        memory_cleaning DONE!!       # # # # # # # # # # # # #
# # # # # # # # # # # # # # # # # # # # # # # # # # # # # # # # # # # # # # #






# # # # # # # # # # # # # # # # # # # # # # # # # # # # # # # # # # # # # # #
# # # # # # # # Starting apt-get-memory_cleaning  # # # # # # # # # # # # # #
Tue  4 Jul 10:15:01 PDT 2017
vm.drop_caches = 3
3

Tue  4 Jul 10:15:04 PDT 2017
# # # # # # # #        memory_cleaning DONE!!       # # # # # # # # # # # # #
# # # # # # # # # # # # # # # # # # # # # # # # # # # # # # # # # # # # # # #






# # # # # # # # # # # # # # # # # # # # # # # # # # # # # # # # # # # # # # #
# # # # # # # # Starting apt-get-memory_cleaning  # # # # # # # # # # # # # #
Tue  4 Jul 11:15:01 PDT 2017
vm.drop_caches = 3
3

Tue  4 Jul 11:15:05 PDT 2017
# # # # # # # #        memory_cleaning DONE!!       # # # # # # # # # # # # #
# # # # # # # # # # # # # # # # # # # # # # # # # # # # # # # # # # # # # # #






# # # # # # # # # # # # # # # # # # # # # # # # # # # # # # # # # # # # # # #
# # # # # # # # Starting apt-get-memory_cleaning  # # # # # # # # # # # # # #
Tue  4 Jul 12:15:01 PDT 2017
vm.drop_caches = 3
3

Tue  4 Jul 12:15:04 PDT 2017
# # # # # # # #        memory_cleaning DONE!!       # # # # # # # # # # # # #
# # # # # # # # # # # # # # # # # # # # # # # # # # # # # # # # # # # # # # #






# # # # # # # # # # # # # # # # # # # # # # # # # # # # # # # # # # # # # # #
# # # # # # # # Starting apt-get-memory_cleaning  # # # # # # # # # # # # # #
Tue  4 Jul 13:15:01 PDT 2017
vm.drop_caches = 3
3

Tue  4 Jul 13:15:04 PDT 2017
# # # # # # # #        memory_cleaning DONE!!       # # # # # # # # # # # # #
# # # # # # # # # # # # # # # # # # # # # # # # # # # # # # # # # # # # # # #






# # # # # # # # # # # # # # # # # # # # # # # # # # # # # # # # # # # # # # #
# # # # # # # # Starting apt-get-memory_cleaning  # # # # # # # # # # # # # #
Tue  4 Jul 14:15:01 PDT 2017
vm.drop_caches = 3
3

Tue  4 Jul 14:15:03 PDT 2017
# # # # # # # #        memory_cleaning DONE!!       # # # # # # # # # # # # #
# # # # # # # # # # # # # # # # # # # # # # # # # # # # # # # # # # # # # # #






# # # # # # # # # # # # # # # # # # # # # # # # # # # # # # # # # # # # # # #
# # # # # # # # Starting apt-get-memory_cleaning  # # # # # # # # # # # # # #
Tue  4 Jul 15:15:01 PDT 2017
vm.drop_caches = 3
3

Tue  4 Jul 15:15:04 PDT 2017
# # # # # # # #        memory_cleaning DONE!!       # # # # # # # # # # # # #
# # # # # # # # # # # # # # # # # # # # # # # # # # # # # # # # # # # # # # #






# # # # # # # # # # # # # # # # # # # # # # # # # # # # # # # # # # # # # # #
# # # # # # # # Starting apt-get-memory_cleaning  # # # # # # # # # # # # # #
Tue  4 Jul 16:15:01 PDT 2017
vm.drop_caches = 3
3

Tue  4 Jul 16:15:03 PDT 2017
# # # # # # # #        memory_cleaning DONE!!       # # # # # # # # # # # # #
# # # # # # # # # # # # # # # # # # # # # # # # # # # # # # # # # # # # # # #






# # # # # # # # # # # # # # # # # # # # # # # # # # # # # # # # # # # # # # #
# # # # # # # # Starting apt-get-memory_cleaning  # # # # # # # # # # # # # #
Tue  4 Jul 17:15:01 PDT 2017
vm.drop_caches = 3
3

Tue  4 Jul 17:15:04 PDT 2017
# # # # # # # #        memory_cleaning DONE!!       # # # # # # # # # # # # #
# # # # # # # # # # # # # # # # # # # # # # # # # # # # # # # # # # # # # # #






# # # # # # # # # # # # # # # # # # # # # # # # # # # # # # # # # # # # # # #
# # # # # # # # Starting apt-get-memory_cleaning  # # # # # # # # # # # # # #
Tue  4 Jul 18:15:01 PDT 2017
vm.drop_caches = 3
3

Tue  4 Jul 18:15:04 PDT 2017
# # # # # # # #        memory_cleaning DONE!!       # # # # # # # # # # # # #
# # # # # # # # # # # # # # # # # # # # # # # # # # # # # # # # # # # # # # #






# # # # # # # # # # # # # # # # # # # # # # # # # # # # # # # # # # # # # # #
# # # # # # # # Starting apt-get-memory_cleaning  # # # # # # # # # # # # # #
Tue  4 Jul 19:15:01 PDT 2017
vm.drop_caches = 3
3

Tue  4 Jul 19:15:03 PDT 2017
# # # # # # # #        memory_cleaning DONE!!       # # # # # # # # # # # # #
# # # # # # # # # # # # # # # # # # # # # # # # # # # # # # # # # # # # # # #






# # # # # # # # # # # # # # # # # # # # # # # # # # # # # # # # # # # # # # #
# # # # # # # # Starting apt-get-memory_cleaning  # # # # # # # # # # # # # #
Tue  4 Jul 20:15:01 PDT 2017
vm.drop_caches = 3
3

Tue  4 Jul 20:15:04 PDT 2017
# # # # # # # #        memory_cleaning DONE!!       # # # # # # # # # # # # #
# # # # # # # # # # # # # # # # # # # # # # # # # # # # # # # # # # # # # # #






# # # # # # # # # # # # # # # # # # # # # # # # # # # # # # # # # # # # # # #
# # # # # # # # Starting apt-get-memory_cleaning  # # # # # # # # # # # # # #
Tue  4 Jul 21:15:02 PDT 2017
vm.drop_caches = 3
3

Tue  4 Jul 21:15:04 PDT 2017
# # # # # # # #        memory_cleaning DONE!!       # # # # # # # # # # # # #
# # # # # # # # # # # # # # # # # # # # # # # # # # # # # # # # # # # # # # #






# # # # # # # # # # # # # # # # # # # # # # # # # # # # # # # # # # # # # # #
# # # # # # # # Starting apt-get-memory_cleaning  # # # # # # # # # # # # # #
Tue  4 Jul 22:15:01 PDT 2017
vm.drop_caches = 3
3

Tue  4 Jul 22:15:04 PDT 2017
# # # # # # # #        memory_cleaning DONE!!       # # # # # # # # # # # # #
# # # # # # # # # # # # # # # # # # # # # # # # # # # # # # # # # # # # # # #






# # # # # # # # # # # # # # # # # # # # # # # # # # # # # # # # # # # # # # #
# # # # # # # # Starting apt-get-memory_cleaning  # # # # # # # # # # # # # #
Tue  4 Jul 23:15:02 PDT 2017
vm.drop_caches = 3
3

Tue  4 Jul 23:15:04 PDT 2017
# # # # # # # #        memory_cleaning DONE!!       # # # # # # # # # # # # #
# # # # # # # # # # # # # # # # # # # # # # # # # # # # # # # # # # # # # # #






# # # # # # # # # # # # # # # # # # # # # # # # # # # # # # # # # # # # # # #
# # # # # # # # Starting apt-get-memory_cleaning  # # # # # # # # # # # # # #
Wed  5 Jul 00:15:01 PDT 2017
vm.drop_caches = 3
3

Wed  5 Jul 00:15:04 PDT 2017
# # # # # # # #        memory_cleaning DONE!!       # # # # # # # # # # # # #
# # # # # # # # # # # # # # # # # # # # # # # # # # # # # # # # # # # # # # #






# # # # # # # # # # # # # # # # # # # # # # # # # # # # # # # # # # # # # # #
# # # # # # # # Starting apt-get-memory_cleaning  # # # # # # # # # # # # # #
Wed  5 Jul 01:15:01 PDT 2017
vm.drop_caches = 3
3

Wed  5 Jul 01:15:05 PDT 2017
# # # # # # # #        memory_cleaning DONE!!       # # # # # # # # # # # # #
# # # # # # # # # # # # # # # # # # # # # # # # # # # # # # # # # # # # # # #






# # # # # # # # # # # # # # # # # # # # # # # # # # # # # # # # # # # # # # #
# # # # # # # # Starting apt-get-memory_cleaning  # # # # # # # # # # # # # #
Wed  5 Jul 02:15:01 PDT 2017
vm.drop_caches = 3
3

Wed  5 Jul 02:15:04 PDT 2017
# # # # # # # #        memory_cleaning DONE!!       # # # # # # # # # # # # #
# # # # # # # # # # # # # # # # # # # # # # # # # # # # # # # # # # # # # # #






# # # # # # # # # # # # # # # # # # # # # # # # # # # # # # # # # # # # # # #
# # # # # # # # Starting apt-get-memory_cleaning  # # # # # # # # # # # # # #
Wed  5 Jul 03:15:01 PDT 2017
vm.drop_caches = 3
3

Wed  5 Jul 03:15:04 PDT 2017
# # # # # # # #        memory_cleaning DONE!!       # # # # # # # # # # # # #
# # # # # # # # # # # # # # # # # # # # # # # # # # # # # # # # # # # # # # #






# # # # # # # # # # # # # # # # # # # # # # # # # # # # # # # # # # # # # # #
# # # # # # # # Starting apt-get-memory_cleaning  # # # # # # # # # # # # # #
Wed  5 Jul 04:15:01 PDT 2017
vm.drop_caches = 3
3

Wed  5 Jul 04:15:04 PDT 2017
# # # # # # # #        memory_cleaning DONE!!       # # # # # # # # # # # # #
# # # # # # # # # # # # # # # # # # # # # # # # # # # # # # # # # # # # # # #






# # # # # # # # # # # # # # # # # # # # # # # # # # # # # # # # # # # # # # #
# # # # # # # # Starting apt-get-memory_cleaning  # # # # # # # # # # # # # #
Wed  5 Jul 05:15:01 PDT 2017
vm.drop_caches = 3
3

Wed  5 Jul 05:15:04 PDT 2017
# # # # # # # #        memory_cleaning DONE!!       # # # # # # # # # # # # #
# # # # # # # # # # # # # # # # # # # # # # # # # # # # # # # # # # # # # # #






# # # # # # # # # # # # # # # # # # # # # # # # # # # # # # # # # # # # # # #
# # # # # # # # Starting apt-get-memory_cleaning  # # # # # # # # # # # # # #
Wed  5 Jul 06:15:01 PDT 2017
vm.drop_caches = 3
3

Wed  5 Jul 06:15:04 PDT 2017
# # # # # # # #        memory_cleaning DONE!!       # # # # # # # # # # # # #
# # # # # # # # # # # # # # # # # # # # # # # # # # # # # # # # # # # # # # #






# # # # # # # # # # # # # # # # # # # # # # # # # # # # # # # # # # # # # # #
# # # # # # # # Starting apt-get-memory_cleaning  # # # # # # # # # # # # # #
Wed  5 Jul 07:15:02 PDT 2017
vm.drop_caches = 3
3

Wed  5 Jul 07:15:04 PDT 2017
# # # # # # # #        memory_cleaning DONE!!       # # # # # # # # # # # # #
# # # # # # # # # # # # # # # # # # # # # # # # # # # # # # # # # # # # # # #






# # # # # # # # # # # # # # # # # # # # # # # # # # # # # # # # # # # # # # #
# # # # # # # # Starting apt-get-memory_cleaning  # # # # # # # # # # # # # #
Wed  5 Jul 08:15:01 PDT 2017
vm.drop_caches = 3
3

Wed  5 Jul 08:15:04 PDT 2017
# # # # # # # #        memory_cleaning DONE!!       # # # # # # # # # # # # #
# # # # # # # # # # # # # # # # # # # # # # # # # # # # # # # # # # # # # # #






# # # # # # # # # # # # # # # # # # # # # # # # # # # # # # # # # # # # # # #
# # # # # # # # Starting apt-get-memory_cleaning  # # # # # # # # # # # # # #
Wed  5 Jul 09:15:01 PDT 2017
vm.drop_caches = 3
3

Wed  5 Jul 09:15:04 PDT 2017
# # # # # # # #        memory_cleaning DONE!!       # # # # # # # # # # # # #
# # # # # # # # # # # # # # # # # # # # # # # # # # # # # # # # # # # # # # #






# # # # # # # # # # # # # # # # # # # # # # # # # # # # # # # # # # # # # # #
# # # # # # # # Starting apt-get-memory_cleaning  # # # # # # # # # # # # # #
Wed  5 Jul 10:15:01 PDT 2017
vm.drop_caches = 3
3

Wed  5 Jul 10:15:04 PDT 2017
# # # # # # # #        memory_cleaning DONE!!       # # # # # # # # # # # # #
# # # # # # # # # # # # # # # # # # # # # # # # # # # # # # # # # # # # # # #






# # # # # # # # # # # # # # # # # # # # # # # # # # # # # # # # # # # # # # #
# # # # # # # # Starting apt-get-memory_cleaning  # # # # # # # # # # # # # #
Wed  5 Jul 11:15:02 PDT 2017
vm.drop_caches = 3
3

Wed  5 Jul 11:15:04 PDT 2017
# # # # # # # #        memory_cleaning DONE!!       # # # # # # # # # # # # #
# # # # # # # # # # # # # # # # # # # # # # # # # # # # # # # # # # # # # # #






# # # # # # # # # # # # # # # # # # # # # # # # # # # # # # # # # # # # # # #
# # # # # # # # Starting apt-get-memory_cleaning  # # # # # # # # # # # # # #
Wed  5 Jul 12:15:01 PDT 2017
vm.drop_caches = 3
3

Wed  5 Jul 12:15:04 PDT 2017
# # # # # # # #        memory_cleaning DONE!!       # # # # # # # # # # # # #
# # # # # # # # # # # # # # # # # # # # # # # # # # # # # # # # # # # # # # #






# # # # # # # # # # # # # # # # # # # # # # # # # # # # # # # # # # # # # # #
# # # # # # # # Starting apt-get-memory_cleaning  # # # # # # # # # # # # # #
Wed  5 Jul 13:15:01 PDT 2017
vm.drop_caches = 3
3

Wed  5 Jul 13:15:04 PDT 2017
# # # # # # # #        memory_cleaning DONE!!       # # # # # # # # # # # # #
# # # # # # # # # # # # # # # # # # # # # # # # # # # # # # # # # # # # # # #






# # # # # # # # # # # # # # # # # # # # # # # # # # # # # # # # # # # # # # #
# # # # # # # # Starting apt-get-memory_cleaning  # # # # # # # # # # # # # #
Wed  5 Jul 14:15:02 PDT 2017
vm.drop_caches = 3
3

Wed  5 Jul 14:15:05 PDT 2017
# # # # # # # #        memory_cleaning DONE!!       # # # # # # # # # # # # #
# # # # # # # # # # # # # # # # # # # # # # # # # # # # # # # # # # # # # # #






# # # # # # # # # # # # # # # # # # # # # # # # # # # # # # # # # # # # # # #
# # # # # # # # Starting apt-get-memory_cleaning  # # # # # # # # # # # # # #
Wed  5 Jul 15:15:01 PDT 2017
vm.drop_caches = 3
3

Wed  5 Jul 15:15:05 PDT 2017
# # # # # # # #        memory_cleaning DONE!!       # # # # # # # # # # # # #
# # # # # # # # # # # # # # # # # # # # # # # # # # # # # # # # # # # # # # #






# # # # # # # # # # # # # # # # # # # # # # # # # # # # # # # # # # # # # # #
# # # # # # # # Starting apt-get-memory_cleaning  # # # # # # # # # # # # # #
Wed  5 Jul 16:15:01 PDT 2017
vm.drop_caches = 3
3

Wed  5 Jul 16:15:04 PDT 2017
# # # # # # # #        memory_cleaning DONE!!       # # # # # # # # # # # # #
# # # # # # # # # # # # # # # # # # # # # # # # # # # # # # # # # # # # # # #






# # # # # # # # # # # # # # # # # # # # # # # # # # # # # # # # # # # # # # #
# # # # # # # # Starting apt-get-memory_cleaning  # # # # # # # # # # # # # #
Wed  5 Jul 17:15:01 PDT 2017
vm.drop_caches = 3
3

Wed  5 Jul 17:15:04 PDT 2017
# # # # # # # #        memory_cleaning DONE!!       # # # # # # # # # # # # #
# # # # # # # # # # # # # # # # # # # # # # # # # # # # # # # # # # # # # # #






# # # # # # # # # # # # # # # # # # # # # # # # # # # # # # # # # # # # # # #
# # # # # # # # Starting apt-get-memory_cleaning  # # # # # # # # # # # # # #
Wed  5 Jul 18:15:01 PDT 2017
vm.drop_caches = 3
3

Wed  5 Jul 18:15:04 PDT 2017
# # # # # # # #        memory_cleaning DONE!!       # # # # # # # # # # # # #
# # # # # # # # # # # # # # # # # # # # # # # # # # # # # # # # # # # # # # #






# # # # # # # # # # # # # # # # # # # # # # # # # # # # # # # # # # # # # # #
# # # # # # # # Starting apt-get-memory_cleaning  # # # # # # # # # # # # # #
Wed  5 Jul 19:15:01 PDT 2017
vm.drop_caches = 3
3

Wed  5 Jul 19:15:05 PDT 2017
# # # # # # # #        memory_cleaning DONE!!       # # # # # # # # # # # # #
# # # # # # # # # # # # # # # # # # # # # # # # # # # # # # # # # # # # # # #






# # # # # # # # # # # # # # # # # # # # # # # # # # # # # # # # # # # # # # #
# # # # # # # # Starting apt-get-memory_cleaning  # # # # # # # # # # # # # #
Wed  5 Jul 20:15:01 PDT 2017
vm.drop_caches = 3
3

Wed  5 Jul 20:15:05 PDT 2017
# # # # # # # #        memory_cleaning DONE!!       # # # # # # # # # # # # #
# # # # # # # # # # # # # # # # # # # # # # # # # # # # # # # # # # # # # # #






# # # # # # # # # # # # # # # # # # # # # # # # # # # # # # # # # # # # # # #
# # # # # # # # Starting apt-get-memory_cleaning  # # # # # # # # # # # # # #
Wed  5 Jul 21:15:01 PDT 2017
vm.drop_caches = 3
3

Wed  5 Jul 21:15:04 PDT 2017
# # # # # # # #        memory_cleaning DONE!!       # # # # # # # # # # # # #
# # # # # # # # # # # # # # # # # # # # # # # # # # # # # # # # # # # # # # #






# # # # # # # # # # # # # # # # # # # # # # # # # # # # # # # # # # # # # # #
# # # # # # # # Starting apt-get-memory_cleaning  # # # # # # # # # # # # # #
Wed  5 Jul 22:15:01 PDT 2017
vm.drop_caches = 3
3

Wed  5 Jul 22:15:05 PDT 2017
# # # # # # # #        memory_cleaning DONE!!       # # # # # # # # # # # # #
# # # # # # # # # # # # # # # # # # # # # # # # # # # # # # # # # # # # # # #






# # # # # # # # # # # # # # # # # # # # # # # # # # # # # # # # # # # # # # #
# # # # # # # # Starting apt-get-memory_cleaning  # # # # # # # # # # # # # #
Wed  5 Jul 23:15:01 PDT 2017
vm.drop_caches = 3
3

Wed  5 Jul 23:15:05 PDT 2017
# # # # # # # #        memory_cleaning DONE!!       # # # # # # # # # # # # #
# # # # # # # # # # # # # # # # # # # # # # # # # # # # # # # # # # # # # # #






# # # # # # # # # # # # # # # # # # # # # # # # # # # # # # # # # # # # # # #
# # # # # # # # Starting apt-get-memory_cleaning  # # # # # # # # # # # # # #
Thu  6 Jul 00:15:01 PDT 2017
vm.drop_caches = 3
3

Thu  6 Jul 00:15:04 PDT 2017
# # # # # # # #        memory_cleaning DONE!!       # # # # # # # # # # # # #
# # # # # # # # # # # # # # # # # # # # # # # # # # # # # # # # # # # # # # #






# # # # # # # # # # # # # # # # # # # # # # # # # # # # # # # # # # # # # # #
# # # # # # # # Starting apt-get-memory_cleaning  # # # # # # # # # # # # # #
Thu  6 Jul 01:15:01 PDT 2017
vm.drop_caches = 3
3

Thu  6 Jul 01:15:04 PDT 2017
# # # # # # # #        memory_cleaning DONE!!       # # # # # # # # # # # # #
# # # # # # # # # # # # # # # # # # # # # # # # # # # # # # # # # # # # # # #






# # # # # # # # # # # # # # # # # # # # # # # # # # # # # # # # # # # # # # #
# # # # # # # # Starting apt-get-memory_cleaning  # # # # # # # # # # # # # #
Thu  6 Jul 02:15:01 PDT 2017
vm.drop_caches = 3
3

Thu  6 Jul 02:15:04 PDT 2017
# # # # # # # #        memory_cleaning DONE!!       # # # # # # # # # # # # #
# # # # # # # # # # # # # # # # # # # # # # # # # # # # # # # # # # # # # # #






# # # # # # # # # # # # # # # # # # # # # # # # # # # # # # # # # # # # # # #
# # # # # # # # Starting apt-get-memory_cleaning  # # # # # # # # # # # # # #
Thu  6 Jul 03:15:01 PDT 2017
vm.drop_caches = 3
3

Thu  6 Jul 03:15:04 PDT 2017
# # # # # # # #        memory_cleaning DONE!!       # # # # # # # # # # # # #
# # # # # # # # # # # # # # # # # # # # # # # # # # # # # # # # # # # # # # #






# # # # # # # # # # # # # # # # # # # # # # # # # # # # # # # # # # # # # # #
# # # # # # # # Starting apt-get-memory_cleaning  # # # # # # # # # # # # # #
Thu  6 Jul 04:15:01 PDT 2017
vm.drop_caches = 3
3

Thu  6 Jul 04:15:04 PDT 2017
# # # # # # # #        memory_cleaning DONE!!       # # # # # # # # # # # # #
# # # # # # # # # # # # # # # # # # # # # # # # # # # # # # # # # # # # # # #






# # # # # # # # # # # # # # # # # # # # # # # # # # # # # # # # # # # # # # #
# # # # # # # # Starting apt-get-memory_cleaning  # # # # # # # # # # # # # #
Thu  6 Jul 05:15:02 PDT 2017
vm.drop_caches = 3
3

Thu  6 Jul 05:15:04 PDT 2017
# # # # # # # #        memory_cleaning DONE!!       # # # # # # # # # # # # #
# # # # # # # # # # # # # # # # # # # # # # # # # # # # # # # # # # # # # # #






# # # # # # # # # # # # # # # # # # # # # # # # # # # # # # # # # # # # # # #
# # # # # # # # Starting apt-get-memory_cleaning  # # # # # # # # # # # # # #
Thu  6 Jul 06:15:01 PDT 2017
vm.drop_caches = 3
3

Thu  6 Jul 06:15:04 PDT 2017
# # # # # # # #        memory_cleaning DONE!!       # # # # # # # # # # # # #
# # # # # # # # # # # # # # # # # # # # # # # # # # # # # # # # # # # # # # #






# # # # # # # # # # # # # # # # # # # # # # # # # # # # # # # # # # # # # # #
# # # # # # # # Starting apt-get-memory_cleaning  # # # # # # # # # # # # # #
Thu  6 Jul 07:15:01 PDT 2017
vm.drop_caches = 3
3

Thu  6 Jul 07:15:05 PDT 2017
# # # # # # # #        memory_cleaning DONE!!       # # # # # # # # # # # # #
# # # # # # # # # # # # # # # # # # # # # # # # # # # # # # # # # # # # # # #






# # # # # # # # # # # # # # # # # # # # # # # # # # # # # # # # # # # # # # #
# # # # # # # # Starting apt-get-memory_cleaning  # # # # # # # # # # # # # #
Thu  6 Jul 08:15:01 PDT 2017
vm.drop_caches = 3
3

Thu  6 Jul 08:15:04 PDT 2017
# # # # # # # #        memory_cleaning DONE!!       # # # # # # # # # # # # #
# # # # # # # # # # # # # # # # # # # # # # # # # # # # # # # # # # # # # # #






# # # # # # # # # # # # # # # # # # # # # # # # # # # # # # # # # # # # # # #
# # # # # # # # Starting apt-get-memory_cleaning  # # # # # # # # # # # # # #
Thu  6 Jul 09:15:01 PDT 2017
vm.drop_caches = 3
3

Thu  6 Jul 09:15:05 PDT 2017
# # # # # # # #        memory_cleaning DONE!!       # # # # # # # # # # # # #
# # # # # # # # # # # # # # # # # # # # # # # # # # # # # # # # # # # # # # #






# # # # # # # # # # # # # # # # # # # # # # # # # # # # # # # # # # # # # # #
# # # # # # # # Starting apt-get-memory_cleaning  # # # # # # # # # # # # # #
Thu  6 Jul 10:15:01 PDT 2017
vm.drop_caches = 3
3

Thu  6 Jul 10:15:05 PDT 2017
# # # # # # # #        memory_cleaning DONE!!       # # # # # # # # # # # # #
# # # # # # # # # # # # # # # # # # # # # # # # # # # # # # # # # # # # # # #






# # # # # # # # # # # # # # # # # # # # # # # # # # # # # # # # # # # # # # #
# # # # # # # # Starting apt-get-memory_cleaning  # # # # # # # # # # # # # #
Thu  6 Jul 11:15:01 PDT 2017
vm.drop_caches = 3
3

Thu  6 Jul 11:15:04 PDT 2017
# # # # # # # #        memory_cleaning DONE!!       # # # # # # # # # # # # #
# # # # # # # # # # # # # # # # # # # # # # # # # # # # # # # # # # # # # # #






# # # # # # # # # # # # # # # # # # # # # # # # # # # # # # # # # # # # # # #
# # # # # # # # Starting apt-get-memory_cleaning  # # # # # # # # # # # # # #
Thu  6 Jul 12:15:01 PDT 2017
vm.drop_caches = 3
3

Thu  6 Jul 12:15:04 PDT 2017
# # # # # # # #        memory_cleaning DONE!!       # # # # # # # # # # # # #
# # # # # # # # # # # # # # # # # # # # # # # # # # # # # # # # # # # # # # #






# # # # # # # # # # # # # # # # # # # # # # # # # # # # # # # # # # # # # # #
# # # # # # # # Starting apt-get-memory_cleaning  # # # # # # # # # # # # # #
Thu  6 Jul 13:15:02 PDT 2017
vm.drop_caches = 3
3

Thu  6 Jul 13:15:04 PDT 2017
# # # # # # # #        memory_cleaning DONE!!       # # # # # # # # # # # # #
# # # # # # # # # # # # # # # # # # # # # # # # # # # # # # # # # # # # # # #






# # # # # # # # # # # # # # # # # # # # # # # # # # # # # # # # # # # # # # #
# # # # # # # # Starting apt-get-memory_cleaning  # # # # # # # # # # # # # #
Thu  6 Jul 14:15:01 PDT 2017
vm.drop_caches = 3
3

Thu  6 Jul 14:15:04 PDT 2017
# # # # # # # #        memory_cleaning DONE!!       # # # # # # # # # # # # #
# # # # # # # # # # # # # # # # # # # # # # # # # # # # # # # # # # # # # # #






# # # # # # # # # # # # # # # # # # # # # # # # # # # # # # # # # # # # # # #
# # # # # # # # Starting apt-get-memory_cleaning  # # # # # # # # # # # # # #
Thu  6 Jul 15:15:01 PDT 2017
vm.drop_caches = 3
3

Thu  6 Jul 15:15:05 PDT 2017
# # # # # # # #        memory_cleaning DONE!!       # # # # # # # # # # # # #
# # # # # # # # # # # # # # # # # # # # # # # # # # # # # # # # # # # # # # #






# # # # # # # # # # # # # # # # # # # # # # # # # # # # # # # # # # # # # # #
# # # # # # # # Starting apt-get-memory_cleaning  # # # # # # # # # # # # # #
Thu  6 Jul 16:15:01 PDT 2017
vm.drop_caches = 3
3

Thu  6 Jul 16:15:05 PDT 2017
# # # # # # # #        memory_cleaning DONE!!       # # # # # # # # # # # # #
# # # # # # # # # # # # # # # # # # # # # # # # # # # # # # # # # # # # # # #






# # # # # # # # # # # # # # # # # # # # # # # # # # # # # # # # # # # # # # #
# # # # # # # # Starting apt-get-memory_cleaning  # # # # # # # # # # # # # #
Thu  6 Jul 17:15:01 PDT 2017
vm.drop_caches = 3
3

Thu  6 Jul 17:15:05 PDT 2017
# # # # # # # #        memory_cleaning DONE!!       # # # # # # # # # # # # #
# # # # # # # # # # # # # # # # # # # # # # # # # # # # # # # # # # # # # # #






# # # # # # # # # # # # # # # # # # # # # # # # # # # # # # # # # # # # # # #
# # # # # # # # Starting apt-get-memory_cleaning  # # # # # # # # # # # # # #
Thu  6 Jul 18:15:01 PDT 2017
vm.drop_caches = 3
3

Thu  6 Jul 18:15:03 PDT 2017
# # # # # # # #        memory_cleaning DONE!!       # # # # # # # # # # # # #
# # # # # # # # # # # # # # # # # # # # # # # # # # # # # # # # # # # # # # #






# # # # # # # # # # # # # # # # # # # # # # # # # # # # # # # # # # # # # # #
# # # # # # # # Starting apt-get-memory_cleaning  # # # # # # # # # # # # # #
Thu  6 Jul 19:15:01 PDT 2017
vm.drop_caches = 3
3

Thu  6 Jul 19:15:07 PDT 2017
# # # # # # # #        memory_cleaning DONE!!       # # # # # # # # # # # # #
# # # # # # # # # # # # # # # # # # # # # # # # # # # # # # # # # # # # # # #






# # # # # # # # # # # # # # # # # # # # # # # # # # # # # # # # # # # # # # #
# # # # # # # # Starting apt-get-memory_cleaning  # # # # # # # # # # # # # #
Thu  6 Jul 20:15:01 PDT 2017
vm.drop_caches = 3
3

Thu  6 Jul 20:15:03 PDT 2017
# # # # # # # #        memory_cleaning DONE!!       # # # # # # # # # # # # #
# # # # # # # # # # # # # # # # # # # # # # # # # # # # # # # # # # # # # # #






# # # # # # # # # # # # # # # # # # # # # # # # # # # # # # # # # # # # # # #
# # # # # # # # Starting apt-get-memory_cleaning  # # # # # # # # # # # # # #
Thu  6 Jul 21:15:01 PDT 2017
vm.drop_caches = 3
3

Thu  6 Jul 21:15:07 PDT 2017
# # # # # # # #        memory_cleaning DONE!!       # # # # # # # # # # # # #
# # # # # # # # # # # # # # # # # # # # # # # # # # # # # # # # # # # # # # #






# # # # # # # # # # # # # # # # # # # # # # # # # # # # # # # # # # # # # # #
# # # # # # # # Starting apt-get-memory_cleaning  # # # # # # # # # # # # # #
Thu  6 Jul 22:15:01 PDT 2017
vm.drop_caches = 3
3

Thu  6 Jul 22:15:04 PDT 2017
# # # # # # # #        memory_cleaning DONE!!       # # # # # # # # # # # # #
# # # # # # # # # # # # # # # # # # # # # # # # # # # # # # # # # # # # # # #






# # # # # # # # # # # # # # # # # # # # # # # # # # # # # # # # # # # # # # #
# # # # # # # # Starting apt-get-memory_cleaning  # # # # # # # # # # # # # #
Thu  6 Jul 23:15:01 PDT 2017
vm.drop_caches = 3
3

Thu  6 Jul 23:15:03 PDT 2017
# # # # # # # #        memory_cleaning DONE!!       # # # # # # # # # # # # #
# # # # # # # # # # # # # # # # # # # # # # # # # # # # # # # # # # # # # # #






# # # # # # # # # # # # # # # # # # # # # # # # # # # # # # # # # # # # # # #
# # # # # # # # Starting apt-get-memory_cleaning  # # # # # # # # # # # # # #
Fri  7 Jul 00:15:01 PDT 2017
vm.drop_caches = 3
3

Fri  7 Jul 00:15:04 PDT 2017
# # # # # # # #        memory_cleaning DONE!!       # # # # # # # # # # # # #
# # # # # # # # # # # # # # # # # # # # # # # # # # # # # # # # # # # # # # #






# # # # # # # # # # # # # # # # # # # # # # # # # # # # # # # # # # # # # # #
# # # # # # # # Starting apt-get-memory_cleaning  # # # # # # # # # # # # # #
Fri  7 Jul 01:15:01 PDT 2017
vm.drop_caches = 3
3

Fri  7 Jul 01:15:04 PDT 2017
# # # # # # # #        memory_cleaning DONE!!       # # # # # # # # # # # # #
# # # # # # # # # # # # # # # # # # # # # # # # # # # # # # # # # # # # # # #






# # # # # # # # # # # # # # # # # # # # # # # # # # # # # # # # # # # # # # #
# # # # # # # # Starting apt-get-memory_cleaning  # # # # # # # # # # # # # #
Fri  7 Jul 02:15:01 PDT 2017
vm.drop_caches = 3
3

Fri  7 Jul 02:15:03 PDT 2017
# # # # # # # #        memory_cleaning DONE!!       # # # # # # # # # # # # #
# # # # # # # # # # # # # # # # # # # # # # # # # # # # # # # # # # # # # # #






# # # # # # # # # # # # # # # # # # # # # # # # # # # # # # # # # # # # # # #
# # # # # # # # Starting apt-get-memory_cleaning  # # # # # # # # # # # # # #
Fri  7 Jul 03:15:01 PDT 2017
vm.drop_caches = 3
3

Fri  7 Jul 03:15:04 PDT 2017
# # # # # # # #        memory_cleaning DONE!!       # # # # # # # # # # # # #
# # # # # # # # # # # # # # # # # # # # # # # # # # # # # # # # # # # # # # #






# # # # # # # # # # # # # # # # # # # # # # # # # # # # # # # # # # # # # # #
# # # # # # # # Starting apt-get-memory_cleaning  # # # # # # # # # # # # # #
Fri  7 Jul 04:15:01 PDT 2017
vm.drop_caches = 3
3

Fri  7 Jul 04:15:04 PDT 2017
# # # # # # # #        memory_cleaning DONE!!       # # # # # # # # # # # # #
# # # # # # # # # # # # # # # # # # # # # # # # # # # # # # # # # # # # # # #






# # # # # # # # # # # # # # # # # # # # # # # # # # # # # # # # # # # # # # #
# # # # # # # # Starting apt-get-memory_cleaning  # # # # # # # # # # # # # #
Fri  7 Jul 05:15:01 PDT 2017
vm.drop_caches = 3
3

Fri  7 Jul 05:15:04 PDT 2017
# # # # # # # #        memory_cleaning DONE!!       # # # # # # # # # # # # #
# # # # # # # # # # # # # # # # # # # # # # # # # # # # # # # # # # # # # # #






# # # # # # # # # # # # # # # # # # # # # # # # # # # # # # # # # # # # # # #
# # # # # # # # Starting apt-get-memory_cleaning  # # # # # # # # # # # # # #
Fri  7 Jul 06:15:01 PDT 2017
vm.drop_caches = 3
3

Fri  7 Jul 06:15:04 PDT 2017
# # # # # # # #        memory_cleaning DONE!!       # # # # # # # # # # # # #
# # # # # # # # # # # # # # # # # # # # # # # # # # # # # # # # # # # # # # #






# # # # # # # # # # # # # # # # # # # # # # # # # # # # # # # # # # # # # # #
# # # # # # # # Starting apt-get-memory_cleaning  # # # # # # # # # # # # # #
Fri  7 Jul 07:15:01 PDT 2017
vm.drop_caches = 3
3

Fri  7 Jul 07:15:03 PDT 2017
# # # # # # # #        memory_cleaning DONE!!       # # # # # # # # # # # # #
# # # # # # # # # # # # # # # # # # # # # # # # # # # # # # # # # # # # # # #






# # # # # # # # # # # # # # # # # # # # # # # # # # # # # # # # # # # # # # #
# # # # # # # # Starting apt-get-memory_cleaning  # # # # # # # # # # # # # #
Fri  7 Jul 08:15:01 PDT 2017
vm.drop_caches = 3
3

Fri  7 Jul 08:15:05 PDT 2017
# # # # # # # #        memory_cleaning DONE!!       # # # # # # # # # # # # #
# # # # # # # # # # # # # # # # # # # # # # # # # # # # # # # # # # # # # # #






# # # # # # # # # # # # # # # # # # # # # # # # # # # # # # # # # # # # # # #
# # # # # # # # Starting apt-get-memory_cleaning  # # # # # # # # # # # # # #
Fri  7 Jul 09:15:01 PDT 2017
vm.drop_caches = 3
3

Fri  7 Jul 09:15:05 PDT 2017
# # # # # # # #        memory_cleaning DONE!!       # # # # # # # # # # # # #
# # # # # # # # # # # # # # # # # # # # # # # # # # # # # # # # # # # # # # #






# # # # # # # # # # # # # # # # # # # # # # # # # # # # # # # # # # # # # # #
# # # # # # # # Starting apt-get-memory_cleaning  # # # # # # # # # # # # # #
Fri  7 Jul 10:15:01 PDT 2017
vm.drop_caches = 3
3

Fri  7 Jul 10:15:05 PDT 2017
# # # # # # # #        memory_cleaning DONE!!       # # # # # # # # # # # # #
# # # # # # # # # # # # # # # # # # # # # # # # # # # # # # # # # # # # # # #






# # # # # # # # # # # # # # # # # # # # # # # # # # # # # # # # # # # # # # #
# # # # # # # # Starting apt-get-memory_cleaning  # # # # # # # # # # # # # #
Fri  7 Jul 11:15:02 PDT 2017
vm.drop_caches = 3
3

Fri  7 Jul 11:15:04 PDT 2017
# # # # # # # #        memory_cleaning DONE!!       # # # # # # # # # # # # #
# # # # # # # # # # # # # # # # # # # # # # # # # # # # # # # # # # # # # # #






# # # # # # # # # # # # # # # # # # # # # # # # # # # # # # # # # # # # # # #
# # # # # # # # Starting apt-get-memory_cleaning  # # # # # # # # # # # # # #
Fri  7 Jul 12:15:01 PDT 2017
vm.drop_caches = 3
3

Fri  7 Jul 12:15:04 PDT 2017
# # # # # # # #        memory_cleaning DONE!!       # # # # # # # # # # # # #
# # # # # # # # # # # # # # # # # # # # # # # # # # # # # # # # # # # # # # #






# # # # # # # # # # # # # # # # # # # # # # # # # # # # # # # # # # # # # # #
# # # # # # # # Starting apt-get-memory_cleaning  # # # # # # # # # # # # # #
Fri  7 Jul 13:15:01 PDT 2017
vm.drop_caches = 3
3

Fri  7 Jul 13:15:04 PDT 2017
# # # # # # # #        memory_cleaning DONE!!       # # # # # # # # # # # # #
# # # # # # # # # # # # # # # # # # # # # # # # # # # # # # # # # # # # # # #






# # # # # # # # # # # # # # # # # # # # # # # # # # # # # # # # # # # # # # #
# # # # # # # # Starting apt-get-memory_cleaning  # # # # # # # # # # # # # #
Fri  7 Jul 14:15:01 PDT 2017
vm.drop_caches = 3
3

Fri  7 Jul 14:15:04 PDT 2017
# # # # # # # #        memory_cleaning DONE!!       # # # # # # # # # # # # #
# # # # # # # # # # # # # # # # # # # # # # # # # # # # # # # # # # # # # # #






# # # # # # # # # # # # # # # # # # # # # # # # # # # # # # # # # # # # # # #
# # # # # # # # Starting apt-get-memory_cleaning  # # # # # # # # # # # # # #
Fri  7 Jul 15:15:01 PDT 2017
vm.drop_caches = 3
3

Fri  7 Jul 15:15:04 PDT 2017
# # # # # # # #        memory_cleaning DONE!!       # # # # # # # # # # # # #
# # # # # # # # # # # # # # # # # # # # # # # # # # # # # # # # # # # # # # #






# # # # # # # # # # # # # # # # # # # # # # # # # # # # # # # # # # # # # # #
# # # # # # # # Starting apt-get-memory_cleaning  # # # # # # # # # # # # # #
Fri  7 Jul 16:15:01 PDT 2017
vm.drop_caches = 3
3

Fri  7 Jul 16:15:04 PDT 2017
# # # # # # # #        memory_cleaning DONE!!       # # # # # # # # # # # # #
# # # # # # # # # # # # # # # # # # # # # # # # # # # # # # # # # # # # # # #






# # # # # # # # # # # # # # # # # # # # # # # # # # # # # # # # # # # # # # #
# # # # # # # # Starting apt-get-memory_cleaning  # # # # # # # # # # # # # #
Fri  7 Jul 17:15:01 PDT 2017
vm.drop_caches = 3
3

Fri  7 Jul 17:15:04 PDT 2017
# # # # # # # #        memory_cleaning DONE!!       # # # # # # # # # # # # #
# # # # # # # # # # # # # # # # # # # # # # # # # # # # # # # # # # # # # # #






# # # # # # # # # # # # # # # # # # # # # # # # # # # # # # # # # # # # # # #
# # # # # # # # Starting apt-get-memory_cleaning  # # # # # # # # # # # # # #
Fri  7 Jul 18:15:01 PDT 2017
vm.drop_caches = 3
3

Fri  7 Jul 18:15:03 PDT 2017
# # # # # # # #        memory_cleaning DONE!!       # # # # # # # # # # # # #
# # # # # # # # # # # # # # # # # # # # # # # # # # # # # # # # # # # # # # #






# # # # # # # # # # # # # # # # # # # # # # # # # # # # # # # # # # # # # # #
# # # # # # # # Starting apt-get-memory_cleaning  # # # # # # # # # # # # # #
Fri  7 Jul 19:15:01 PDT 2017
vm.drop_caches = 3
3

Fri  7 Jul 19:15:04 PDT 2017
# # # # # # # #        memory_cleaning DONE!!       # # # # # # # # # # # # #
# # # # # # # # # # # # # # # # # # # # # # # # # # # # # # # # # # # # # # #






# # # # # # # # # # # # # # # # # # # # # # # # # # # # # # # # # # # # # # #
# # # # # # # # Starting apt-get-memory_cleaning  # # # # # # # # # # # # # #
Fri  7 Jul 20:15:01 PDT 2017
vm.drop_caches = 3
3

Fri  7 Jul 20:15:04 PDT 2017
# # # # # # # #        memory_cleaning DONE!!       # # # # # # # # # # # # #
# # # # # # # # # # # # # # # # # # # # # # # # # # # # # # # # # # # # # # #






# # # # # # # # # # # # # # # # # # # # # # # # # # # # # # # # # # # # # # #
# # # # # # # # Starting apt-get-memory_cleaning  # # # # # # # # # # # # # #
Fri  7 Jul 21:15:02 PDT 2017
vm.drop_caches = 3
3

Fri  7 Jul 21:15:04 PDT 2017
# # # # # # # #        memory_cleaning DONE!!       # # # # # # # # # # # # #
# # # # # # # # # # # # # # # # # # # # # # # # # # # # # # # # # # # # # # #






# # # # # # # # # # # # # # # # # # # # # # # # # # # # # # # # # # # # # # #
# # # # # # # # Starting apt-get-memory_cleaning  # # # # # # # # # # # # # #
Fri  7 Jul 22:15:01 PDT 2017
vm.drop_caches = 3
3

Fri  7 Jul 22:15:05 PDT 2017
# # # # # # # #        memory_cleaning DONE!!       # # # # # # # # # # # # #
# # # # # # # # # # # # # # # # # # # # # # # # # # # # # # # # # # # # # # #






# # # # # # # # # # # # # # # # # # # # # # # # # # # # # # # # # # # # # # #
# # # # # # # # Starting apt-get-memory_cleaning  # # # # # # # # # # # # # #
Fri  7 Jul 23:15:01 PDT 2017
vm.drop_caches = 3
3

Fri  7 Jul 23:15:05 PDT 2017
# # # # # # # #        memory_cleaning DONE!!       # # # # # # # # # # # # #
# # # # # # # # # # # # # # # # # # # # # # # # # # # # # # # # # # # # # # #






# # # # # # # # # # # # # # # # # # # # # # # # # # # # # # # # # # # # # # #
# # # # # # # # Starting apt-get-memory_cleaning  # # # # # # # # # # # # # #
Sat  8 Jul 00:15:02 PDT 2017
vm.drop_caches = 3
3

Sat  8 Jul 00:15:05 PDT 2017
# # # # # # # #        memory_cleaning DONE!!       # # # # # # # # # # # # #
# # # # # # # # # # # # # # # # # # # # # # # # # # # # # # # # # # # # # # #






# # # # # # # # # # # # # # # # # # # # # # # # # # # # # # # # # # # # # # #
# # # # # # # # Starting apt-get-memory_cleaning  # # # # # # # # # # # # # #
Sat  8 Jul 01:15:01 PDT 2017
vm.drop_caches = 3
3

Sat  8 Jul 01:15:05 PDT 2017
# # # # # # # #        memory_cleaning DONE!!       # # # # # # # # # # # # #
# # # # # # # # # # # # # # # # # # # # # # # # # # # # # # # # # # # # # # #






# # # # # # # # # # # # # # # # # # # # # # # # # # # # # # # # # # # # # # #
# # # # # # # # Starting apt-get-memory_cleaning  # # # # # # # # # # # # # #
Sat  8 Jul 02:15:01 PDT 2017
vm.drop_caches = 3
3

Sat  8 Jul 02:15:05 PDT 2017
# # # # # # # #        memory_cleaning DONE!!       # # # # # # # # # # # # #
# # # # # # # # # # # # # # # # # # # # # # # # # # # # # # # # # # # # # # #






# # # # # # # # # # # # # # # # # # # # # # # # # # # # # # # # # # # # # # #
# # # # # # # # Starting apt-get-memory_cleaning  # # # # # # # # # # # # # #
Sat  8 Jul 03:15:01 PDT 2017
vm.drop_caches = 3
3

Sat  8 Jul 03:15:04 PDT 2017
# # # # # # # #        memory_cleaning DONE!!       # # # # # # # # # # # # #
# # # # # # # # # # # # # # # # # # # # # # # # # # # # # # # # # # # # # # #






# # # # # # # # # # # # # # # # # # # # # # # # # # # # # # # # # # # # # # #
# # # # # # # # Starting apt-get-memory_cleaning  # # # # # # # # # # # # # #
Sat  8 Jul 04:15:01 PDT 2017
vm.drop_caches = 3
3

Sat  8 Jul 04:15:04 PDT 2017
# # # # # # # #        memory_cleaning DONE!!       # # # # # # # # # # # # #
# # # # # # # # # # # # # # # # # # # # # # # # # # # # # # # # # # # # # # #






# # # # # # # # # # # # # # # # # # # # # # # # # # # # # # # # # # # # # # #
# # # # # # # # Starting apt-get-memory_cleaning  # # # # # # # # # # # # # #
Sat  8 Jul 05:15:01 PDT 2017
vm.drop_caches = 3
3

Sat  8 Jul 05:15:04 PDT 2017
# # # # # # # #        memory_cleaning DONE!!       # # # # # # # # # # # # #
# # # # # # # # # # # # # # # # # # # # # # # # # # # # # # # # # # # # # # #






# # # # # # # # # # # # # # # # # # # # # # # # # # # # # # # # # # # # # # #
# # # # # # # # Starting apt-get-memory_cleaning  # # # # # # # # # # # # # #
Sat  8 Jul 06:15:01 PDT 2017
vm.drop_caches = 3
3

Sat  8 Jul 06:15:05 PDT 2017
# # # # # # # #        memory_cleaning DONE!!       # # # # # # # # # # # # #
# # # # # # # # # # # # # # # # # # # # # # # # # # # # # # # # # # # # # # #






# # # # # # # # # # # # # # # # # # # # # # # # # # # # # # # # # # # # # # #
# # # # # # # # Starting apt-get-memory_cleaning  # # # # # # # # # # # # # #
Sat  8 Jul 07:15:01 PDT 2017
vm.drop_caches = 3
3

Sat  8 Jul 07:15:06 PDT 2017
# # # # # # # #        memory_cleaning DONE!!       # # # # # # # # # # # # #
# # # # # # # # # # # # # # # # # # # # # # # # # # # # # # # # # # # # # # #






# # # # # # # # # # # # # # # # # # # # # # # # # # # # # # # # # # # # # # #
# # # # # # # # Starting apt-get-memory_cleaning  # # # # # # # # # # # # # #
Sat  8 Jul 08:15:01 PDT 2017
vm.drop_caches = 3
3

Sat  8 Jul 08:15:05 PDT 2017
# # # # # # # #        memory_cleaning DONE!!       # # # # # # # # # # # # #
# # # # # # # # # # # # # # # # # # # # # # # # # # # # # # # # # # # # # # #






# # # # # # # # # # # # # # # # # # # # # # # # # # # # # # # # # # # # # # #
# # # # # # # # Starting apt-get-memory_cleaning  # # # # # # # # # # # # # #
Sat  8 Jul 09:15:01 PDT 2017
vm.drop_caches = 3
3

Sat  8 Jul 09:15:04 PDT 2017
# # # # # # # #        memory_cleaning DONE!!       # # # # # # # # # # # # #
# # # # # # # # # # # # # # # # # # # # # # # # # # # # # # # # # # # # # # #






# # # # # # # # # # # # # # # # # # # # # # # # # # # # # # # # # # # # # # #
# # # # # # # # Starting apt-get-memory_cleaning  # # # # # # # # # # # # # #
Sat  8 Jul 10:15:01 PDT 2017
vm.drop_caches = 3
3

Sat  8 Jul 10:15:04 PDT 2017
# # # # # # # #        memory_cleaning DONE!!       # # # # # # # # # # # # #
# # # # # # # # # # # # # # # # # # # # # # # # # # # # # # # # # # # # # # #






# # # # # # # # # # # # # # # # # # # # # # # # # # # # # # # # # # # # # # #
# # # # # # # # Starting apt-get-memory_cleaning  # # # # # # # # # # # # # #
Sat  8 Jul 11:15:01 PDT 2017
vm.drop_caches = 3
3

Sat  8 Jul 11:15:05 PDT 2017
# # # # # # # #        memory_cleaning DONE!!       # # # # # # # # # # # # #
# # # # # # # # # # # # # # # # # # # # # # # # # # # # # # # # # # # # # # #






# # # # # # # # # # # # # # # # # # # # # # # # # # # # # # # # # # # # # # #
# # # # # # # # Starting apt-get-memory_cleaning  # # # # # # # # # # # # # #
Sat  8 Jul 12:15:01 PDT 2017
vm.drop_caches = 3
3

Sat  8 Jul 12:15:05 PDT 2017
# # # # # # # #        memory_cleaning DONE!!       # # # # # # # # # # # # #
# # # # # # # # # # # # # # # # # # # # # # # # # # # # # # # # # # # # # # #






# # # # # # # # # # # # # # # # # # # # # # # # # # # # # # # # # # # # # # #
# # # # # # # # Starting apt-get-memory_cleaning  # # # # # # # # # # # # # #
Sat  8 Jul 13:15:01 PDT 2017
vm.drop_caches = 3
3

Sat  8 Jul 13:15:05 PDT 2017
# # # # # # # #        memory_cleaning DONE!!       # # # # # # # # # # # # #
# # # # # # # # # # # # # # # # # # # # # # # # # # # # # # # # # # # # # # #






# # # # # # # # # # # # # # # # # # # # # # # # # # # # # # # # # # # # # # #
# # # # # # # # Starting apt-get-memory_cleaning  # # # # # # # # # # # # # #
Sat  8 Jul 14:15:01 PDT 2017
vm.drop_caches = 3
3

Sat  8 Jul 14:15:05 PDT 2017
# # # # # # # #        memory_cleaning DONE!!       # # # # # # # # # # # # #
# # # # # # # # # # # # # # # # # # # # # # # # # # # # # # # # # # # # # # #






# # # # # # # # # # # # # # # # # # # # # # # # # # # # # # # # # # # # # # #
# # # # # # # # Starting apt-get-memory_cleaning  # # # # # # # # # # # # # #
Sat  8 Jul 15:15:01 PDT 2017
vm.drop_caches = 3
3

Sat  8 Jul 15:15:04 PDT 2017
# # # # # # # #        memory_cleaning DONE!!       # # # # # # # # # # # # #
# # # # # # # # # # # # # # # # # # # # # # # # # # # # # # # # # # # # # # #






# # # # # # # # # # # # # # # # # # # # # # # # # # # # # # # # # # # # # # #
# # # # # # # # Starting apt-get-memory_cleaning  # # # # # # # # # # # # # #
Sat  8 Jul 16:15:01 PDT 2017
vm.drop_caches = 3
3

Sat  8 Jul 16:15:03 PDT 2017
# # # # # # # #        memory_cleaning DONE!!       # # # # # # # # # # # # #
# # # # # # # # # # # # # # # # # # # # # # # # # # # # # # # # # # # # # # #






# # # # # # # # # # # # # # # # # # # # # # # # # # # # # # # # # # # # # # #
# # # # # # # # Starting apt-get-memory_cleaning  # # # # # # # # # # # # # #
Sat  8 Jul 17:15:01 PDT 2017
vm.drop_caches = 3
3

Sat  8 Jul 17:15:05 PDT 2017
# # # # # # # #        memory_cleaning DONE!!       # # # # # # # # # # # # #
# # # # # # # # # # # # # # # # # # # # # # # # # # # # # # # # # # # # # # #






# # # # # # # # # # # # # # # # # # # # # # # # # # # # # # # # # # # # # # #
# # # # # # # # Starting apt-get-memory_cleaning  # # # # # # # # # # # # # #
Sat  8 Jul 18:15:01 PDT 2017
vm.drop_caches = 3
3

Sat  8 Jul 18:15:05 PDT 2017
# # # # # # # #        memory_cleaning DONE!!       # # # # # # # # # # # # #
# # # # # # # # # # # # # # # # # # # # # # # # # # # # # # # # # # # # # # #






# # # # # # # # # # # # # # # # # # # # # # # # # # # # # # # # # # # # # # #
# # # # # # # # Starting apt-get-memory_cleaning  # # # # # # # # # # # # # #
Sat  8 Jul 19:15:02 PDT 2017
vm.drop_caches = 3
3

Sat  8 Jul 19:15:04 PDT 2017
# # # # # # # #        memory_cleaning DONE!!       # # # # # # # # # # # # #
# # # # # # # # # # # # # # # # # # # # # # # # # # # # # # # # # # # # # # #






# # # # # # # # # # # # # # # # # # # # # # # # # # # # # # # # # # # # # # #
# # # # # # # # Starting apt-get-memory_cleaning  # # # # # # # # # # # # # #
Sat  8 Jul 20:15:01 PDT 2017
vm.drop_caches = 3
3

Sat  8 Jul 20:15:04 PDT 2017
# # # # # # # #        memory_cleaning DONE!!       # # # # # # # # # # # # #
# # # # # # # # # # # # # # # # # # # # # # # # # # # # # # # # # # # # # # #






# # # # # # # # # # # # # # # # # # # # # # # # # # # # # # # # # # # # # # #
# # # # # # # # Starting apt-get-memory_cleaning  # # # # # # # # # # # # # #
Sat  8 Jul 21:15:02 PDT 2017
vm.drop_caches = 3
3

Sat  8 Jul 21:15:04 PDT 2017
# # # # # # # #        memory_cleaning DONE!!       # # # # # # # # # # # # #
# # # # # # # # # # # # # # # # # # # # # # # # # # # # # # # # # # # # # # #






# # # # # # # # # # # # # # # # # # # # # # # # # # # # # # # # # # # # # # #
# # # # # # # # Starting apt-get-memory_cleaning  # # # # # # # # # # # # # #
Sat  8 Jul 22:15:01 PDT 2017
vm.drop_caches = 3
3

Sat  8 Jul 22:15:04 PDT 2017
# # # # # # # #        memory_cleaning DONE!!       # # # # # # # # # # # # #
# # # # # # # # # # # # # # # # # # # # # # # # # # # # # # # # # # # # # # #






# # # # # # # # # # # # # # # # # # # # # # # # # # # # # # # # # # # # # # #
# # # # # # # # Starting apt-get-memory_cleaning  # # # # # # # # # # # # # #
Sat  8 Jul 23:15:01 PDT 2017
vm.drop_caches = 3
3

Sat  8 Jul 23:15:03 PDT 2017
# # # # # # # #        memory_cleaning DONE!!       # # # # # # # # # # # # #
# # # # # # # # # # # # # # # # # # # # # # # # # # # # # # # # # # # # # # #






# # # # # # # # # # # # # # # # # # # # # # # # # # # # # # # # # # # # # # #
# # # # # # # # Starting apt-get-memory_cleaning  # # # # # # # # # # # # # #
Sun  9 Jul 00:15:01 PDT 2017
vm.drop_caches = 3
3

Sun  9 Jul 00:15:04 PDT 2017
# # # # # # # #        memory_cleaning DONE!!       # # # # # # # # # # # # #
# # # # # # # # # # # # # # # # # # # # # # # # # # # # # # # # # # # # # # #






