● home-assistant@homeassistant.service - Home Assistant for homeassistant
   Loaded: loaded (/etc/systemd/system/home-assistant@homeassistant.service; enabled)
   Active: active (running) since Sun 2017-07-02 20:43:30 UTC; 10s ago
 Main PID: 3942 (hass)
   CGroup: /system.slice/system-home\x2dassistant.slice/home-assistant@homeassistant.service
           └─3942 /srv/homeassistant/bin/python3 /srv/homeassistant/bin/hass

Jul 02 20:43:40 hassbian hass[3942]: INFO:homeassistant.core:Bus:Handling <Event state_changed[L]: old_state=None, entity_id=automation.shut_down_everything__ones_is_home, new_state=<state automation.shut_down_everything__ones_is_home=off; friendly_name=SHUT DOWN EVERYTHING - one's is home, last_triggered=None @ 2017-07-02T13:43:40.149023-07:00>>
Jul 02 20:43:40 hassbian hass[3942]: INFO:homeassistant.components.sensor:Setting up sensor.yweather
Jul 02 20:43:40 hassbian hass[3942]: INFO:homeassistant.core:Bus:Handling <Event state_changed[L]: old_state=None, entity_id=camera.dog_cam1, new_state=<state camera.dog_cam1=idle; friendly_name=Dog_cam-1, access_token=c92622ba0df9c3e1cfb52e498cf1691bfcd437369bc1fe27d0ad32b5078699ad, entity_picture=/api/camera_proxy/camera.dog_cam1?token=c92622ba0df9c3e1cfb52e498cf1691bfcd437369bc1fe27d0ad32b5078699ad @ 2017-07-02T13:43:40.170570-07:00>>
Jul 02 20:43:40 hassbian hass[3942]: INFO:homeassistant.core:Bus:Handling <Event state_changed[L]: old_state=None, entity_id=camera.entrance1, new_state=<state camera.entrance1=idle; friendly_name=Entrance-1, access_token=60b16215ef20791f7ae1013d3e71d18407d3f0e2b6ffb61c7c586afe863b5e21, entity_picture=/api/camera_proxy/camera.entrance1?token=60b16215ef20791f7ae1013d3e71d18407d3f0e2b6ffb61c7c586afe863b5e21 @ 2017-07-02T13:43:40.178669-07:00>>
Jul 02 20:43:40 hassbian hass[3942]: INFO:homeassistant.core:Bus:Handling <Event state_changed[L]: old_state=None, entity_id=camera.usb_dogs_room, new_state=<state camera.usb_dogs_room=idle; friendly_name=USB_DOGS_room, access_token=ccb82d79c3c4c3c7fe568df2c07ea64669ca95dc9a2d0403e72f2443bc1a34e8, entity_picture=/api/camera_proxy/camera.usb_dogs_room?token=ccb82d79c3c4c3c7fe568df2c07ea64669ca95dc9a2d0403e72f2443bc1a34e8 @ 2017-07-02T13:43:40.186724-07:00>>
Jul 02 20:43:40 hassbian hass[3942]: INFO:homeassistant.core:Bus:Handling <Event state_changed[L]: old_state=None, entity_id=camera.dog_cam2, new_state=<state camera.dog_cam2=idle; friendly_name=Dog_cam-2, access_token=f068ab2bd6d349132a849431d61edf664074fbd30b0d1d7261fd8ffd9be5d19e, entity_picture=/api/camera_proxy/camera.dog_cam2?token=f068ab2bd6d349132a849431d61edf664074fbd30b0d1d7261fd8ffd9be5d19e @ 2017-07-02T13:43:40.194518-07:00>>
Jul 02 20:43:40 hassbian hass[3942]: INFO:homeassistant.core:Bus:Handling <Event state_changed[L]: old_state=None, entity_id=camera.garage1, new_state=<state camera.garage1=idle; friendly_name=Garage-1, access_token=34f6df696ee31e1a6293f1398b67e71781c2075f2a6d31c87fbc4c89766dd75b, entity_picture=/api/camera_proxy/camera.garage1?token=34f6df696ee31e1a6293f1398b67e71781c2075f2a6d31c87fbc4c89766dd75b @ 2017-07-02T13:43:40.202741-07:00>>
Jul 02 20:43:40 hassbian hass[3942]: INFO:homeassistant.core:Bus:Handling <Event state_changed[L]: old_state=None, entity_id=sensor.usb_dogs_room_status, new_state=<state sensor.usb_dogs_room_status=unknown; friendly_name=USB_DOGS_room Status @ 2017-07-02T13:43:40.261080-07:00>>
Jul 02 20:43:40 hassbian hass[3942]: INFO:homeassistant.core:Bus:Handling <Event state_changed[L]: old_state=None, entity_id=sensor.dog_cam2_status, new_state=<state sensor.dog_cam2_status=unknown; friendly_name=Dog_cam-2 Status @ 2017-07-02T13:43:40.271960-07:00>>
Jul 02 20:43:40 hassbian hass[3942]: INFO:homeassistant.core:Bus:Handling <Event state_changed[L]: old_state=None, entity_id=sensor.dog_cam1_status, new_state=<state sensor.dog_cam1_status=unknown; friendly_name=Dog_cam-1 Status @ 2017-07-02T13:43:40.275492-07:00>>
Jul 02 20:43:40 hassbian hass[3942]: INFO:homeassistant.core:Bus:Handling <Event state_changed[L]: old_state=None, entity_id=sensor.dog_cam2_events, new_state=<state sensor.dog_cam2_events=unknown; friendly_name=Dog_cam-2 Events, unit_of_measurement=Events @ 2017-07-02T13:43:40.279196-07:00>>
● home-assistant@homeassistant.service - Home Assistant for homeassistant
   Loaded: loaded (/etc/systemd/system/home-assistant@homeassistant.service; enabled)
   Active: active (running) since Sun 2017-07-02 20:45:19 UTC; 10s ago
 Main PID: 4126 (hass)
   CGroup: /system.slice/system-home\x2dassistant.slice/home-assistant@homeassistant.service
           └─4126 /srv/homeassistant/bin/python3 /srv/homeassistant/bin/hass

Jul 02 20:45:29 hassbian hass[4126]: INFO:homeassistant.core:Bus:Handling <Event state_changed[L]: old_state=None, new_state=<state automation.garage_toggle_2_sec=off; last_triggered=None, friendly_name=Garage toggle 2 sec @ 2017-07-02T13:45:29.311615-07:00>, entity_id=automation.garage_toggle_2_sec>
Jul 02 20:45:29 hassbian hass[4126]: INFO:homeassistant.core:Bus:Handling <Event state_changed[L]: old_state=None, new_state=<state automation.notification__vent_on=off; last_triggered=None, friendly_name=Notification - vent (ON) @ 2017-07-02T13:45:29.328117-07:00>, entity_id=automation.notification__vent_on>
Jul 02 20:45:29 hassbian hass[4126]: INFO:homeassistant.core:Bus:Handling <Event state_changed[L]: old_state=None, new_state=<state automation.notification__reminder__garage_door_is_now_opened_for_2_hours=off; last_triggered=None, friendly_name=Notification - Reminder - GARAGE DOOR is now OPENED for 2 hours @ 2017-07-02T13:45:29.350588-07:00>, entity_id=automation.notification__reminder__garage_door_is_now_opened_for_2_hours>
Jul 02 20:45:29 hassbian hass[4126]: INFO:homeassistant.core:Bus:Handling <Event state_changed[L]: old_state=None, new_state=<state automation.notification__garage_door_is_now_close=off; last_triggered=None, friendly_name=Notification - GARAGE DOOR is now CLOSE @ 2017-07-02T13:45:29.362166-07:00>, entity_id=automation.notification__garage_door_is_now_close>
Jul 02 20:45:29 hassbian hass[4126]: INFO:homeassistant.core:Bus:Handling <Event state_changed[L]: old_state=None, new_state=<state automation.turn_on_exhaust_fan_every_hour_when_its_90_degree_hot_outside=off; last_triggered=None, friendly_name=Turn on exhaust fan every hour when its 90 degree hot outside @ 2017-07-02T13:45:29.378801-07:00>, entity_id=automation.turn_on_exhaust_fan_every_hour_when_its_90_degree_hot_outside>
Jul 02 20:45:29 hassbian hass[4126]: INFO:homeassistant.core:Bus:Handling <Event state_changed[L]: old_state=None, new_state=<state automation.furnace_ac_on_upstairs=off; last_triggered=None, friendly_name=Furnace AC ON upstairs @ 2017-07-02T13:45:29.395534-07:00>, entity_id=automation.furnace_ac_on_upstairs>
Jul 02 20:45:29 hassbian hass[4126]: INFO:homeassistant.core:Bus:Handling <Event state_changed[L]: old_state=None, new_state=<state automation.media_center_turn_on_when_mayu_or_john=off; last_triggered=None, friendly_name=MEDIA CENTER (Turn on) when Mayu or John @ 2017-07-02T13:45:29.418112-07:00>, entity_id=automation.media_center_turn_on_when_mayu_or_john>
Jul 02 20:45:29 hassbian hass[4126]: INFO:homeassistant.core:Bus:Handling <Event state_changed[L]: old_state=None, new_state=<state automation.media_center_turn_off_when_mayu_or_john_leave=off; last_triggered=None, friendly_name=MEDIA CENTER (Turn off) when Mayu or John leave @ 2017-07-02T13:45:29.434992-07:00>, entity_id=automation.media_center_turn_off_when_mayu_or_john_leave>
Jul 02 20:45:29 hassbian hass[4126]: INFO:homeassistant.core:Bus:Handling <Event state_changed[L]: old_state=None, new_state=<state automation.notification__reminder__garage_door_is_now_opened_for_1_hour=off; last_triggered=None, friendly_name=Notification - Reminder - GARAGE DOOR is now OPENED for 1 hour @ 2017-07-02T13:45:29.453468-07:00>, entity_id=automation.notification__reminder__garage_door_is_now_opened_for_1_hour>
Jul 02 20:45:29 hassbian hass[4126]: INFO:homeassistant.core:Bus:Handling <Event state_changed[L]: old_state=None, new_state=<state automation.media_center_turn_on_at_8_am_and_john_is_home=off; last_triggered=None, friendly_name=MEDIA CENTER (Turn ON) at 8 am and john is home @ 2017-07-02T13:45:29.470424-07:00>, entity_id=automation.media_center_turn_on_at_8_am_and_john_is_home>
Jul 02 20:45:29 hassbian hass[4126]: INFO:homeassistant.core:Bus:Handling <Event state_changed[L]: old_state=None, new_state=<state automation.media_center_turn_off_at_12_pm=off; last_triggered=None, friendly_name=MEDIA CENTER (Turn off) at 12 pm @ 2017-07-02T13:45:29.477719-07:00>, entity_id=automation.media_center_turn_off_at_12_pm>
Jul 02 20:45:29 hassbian hass[4126]: INFO:homeassistant.core:Bus:Handling <Event state_changed[L]: old_state=None, new_state=<state automation.media_center_turn_on_at_6_am=off; last_triggered=None, friendly_name=MEDIA CENTER (Turn on) at 6 am @ 2017-07-02T13:45:29.484857-07:00>, entity_id=automation.media_center_turn_on_at_6_am>
